2019-12-15 17:04:41,094 DEBUG i.s.i.Task1 [main] 11
2019-12-15 17:04:41,132 INFO i.s.i.Task1 [main] 3.6666666666666665

2019-12-15 17:04:41,134 INFO i.s.i.Task2 [main] [41, 179, -150, 208, 203, -136, -64, -127, 32, -109]
2019-12-15 17:04:41,135 INFO i.s.i.Task2 [main] Max value is: 208
2019-12-15 17:04:41,135 INFO i.s.i.Task2 [main] Min value is: -150
2019-12-15 17:04:41,135 ERROR i.s.i.Task2 [main] [41, 179, -150, -31200, 203, -136, -64, -127, 32, -109]
2019-12-15 17:04:52,471 DEBUG i.s.i.Task1 [main] 17
2019-12-15 17:04:52,478 INFO i.s.i.Task1 [main] 5.666666666666667

2019-12-15 17:04:52,480 INFO i.s.i.Task2 [main] [-236, 184, 61, -285, 11, -247, -87, -47, -110, -226]
2019-12-15 17:04:52,480 INFO i.s.i.Task2 [main] Max value is: 184
2019-12-15 17:04:52,480 INFO i.s.i.Task2 [main] Min value is: -285
2019-12-15 17:04:52,481 ERROR i.s.i.Task2 [main] [-236, -52440, 61, -285, 11, -247, -87, -47, -110, -226]
2019-12-15 20:06:56,781 DEBUG i.s.i.Task1 [main] 9
2019-12-15 20:06:56,785 INFO i.s.i.Task1 [main] 5.666666666666667

2019-12-15 20:06:56,787 INFO i.s.i.Task2 [main] [-259, 122, -201, 254, -237, -154, 242, -49, -271, -91]
2019-12-15 20:06:56,788 INFO i.s.i.Task2 [main] Max value is: 254
2019-12-15 20:06:56,788 INFO i.s.i.Task2 [main] Min value is: -271
2019-12-15 20:06:56,788 ERROR i.s.i.Task2 [main] [-259, 122, -201, -68834, -237, -154, 242, -49, -271, -91]
2019-12-15 20:14:36,885 DEBUG i.s.i.Task1 [main] 4
2019-12-15 20:14:36,896 INFO i.s.i.Task1 [main] 3.0

2019-12-15 20:14:36,898 INFO i.s.i.Task2 [main] [68, 293, 17, 105, 151, 246, 206, -191, -125, -80]
2019-12-15 20:14:36,899 INFO i.s.i.Task2 [main] Max value is: 293
2019-12-15 20:14:36,900 INFO i.s.i.Task2 [main] Min value is: -191
2019-12-15 20:14:36,900 ERROR i.s.i.Task2 [main] [68, -55963, 17, 105, 151, 246, 206, -191, -125, -80]
