2019-12-14 22:01:38,140 DEBUG i.Task1 [main] 15
2019-12-14 22:01:38,144 INFO i.Task1 [main] 5.666666666666667

2019-12-14 22:01:38,145 ERROR i.Task2 [main] [24, -149, 197, -151, 217, 94, -140, -50, -261, 275]
2019-12-14 22:01:38,146 ERROR i.Task2 [main] Max value is: 275
2019-12-14 22:01:38,146 ERROR i.Task2 [main] Min value is: -261
2019-12-14 22:01:38,146 ERROR i.Task2 [main] [24, -149, 197, -151, 217, 94, -140, -50, -261, -71775]
2019-12-14 23:36:00,894 DEBUG i.s.i.Task1 [main] 9
2019-12-14 23:36:00,896 INFO i.s.i.Task1 [main] 3.3333333333333335

2019-12-14 23:36:00,898 ERROR i.s.i.Task2 [main] [139, 254, 193, 115, 293, 282, 279, -265, -47, -156]
2019-12-14 23:36:00,899 ERROR i.s.i.Task2 [main] Max value is: 293
2019-12-14 23:36:00,899 ERROR i.s.i.Task2 [main] Min value is: -265
2019-12-14 23:36:00,899 ERROR i.s.i.Task2 [main] [139, 254, 193, 115, -77645, 282, 279, -265, -47, -156]
2019-12-14 23:36:18,517 DEBUG i.s.i.Task1 [main] 8
2019-12-14 23:36:18,521 INFO i.s.i.Task1 [main] 4.0

2019-12-14 23:37:59,009 ERROR i.s.i.Task2 [main] [86, 41, -15, -289, -213, 37, -236, -259, 40, -107]
2019-12-14 23:37:59,016 ERROR i.s.i.Task2 [main] Max value is: 86
2019-12-14 23:37:59,017 ERROR i.s.i.Task2 [main] Min value is: -289
2019-12-14 23:37:59,017 ERROR i.s.i.Task2 [main] [-24854, 41, -15, -289, -213, 37, -236, -259, 40, -107]
2019-12-14 23:40:40,619 ERROR i.s.i.Task2 [main] Max value is: 113
2019-12-14 23:40:40,621 ERROR i.s.i.Task2 [main] Min value is: -206
2019-12-14 23:40:40,622 ERROR i.s.i.Task2 [main] [-144, 23, -108, 29, -192, -206, -23278, -165, -172, -19]
2019-12-14 23:47:47,916 ERROR i.s.i.Task2 [main] Max value is: 211
2019-12-14 23:47:47,923 ERROR i.s.i.Task2 [main] Min value is: -284
2019-12-14 23:47:47,924 ERROR i.s.i.Task2 [main] [-22, -112, -59924, -127, -248, -284, 93, 6, 69, 44]
2019-12-14 23:51:12,119 ERROR i.s.i.Task2 [main] Max value is: 283
2019-12-14 23:51:12,121 ERROR i.s.i.Task2 [main] Min value is: -280
2019-12-14 23:51:12,122 ERROR i.s.i.Task2 [main] [82, 212, -79240, 266, 93, -265, -280, -168, 79, -101]
2019-12-14 23:55:36,657 INFO i.s.i.Task2 [main] [59, -9, -169, -248, -149, 92, 32, -99, 13, 186]
2019-12-14 23:55:36,665 ERROR i.s.i.Task2 [main] Max value is: 186
2019-12-14 23:55:36,665 ERROR i.s.i.Task2 [main] Min value is: -248
2019-12-14 23:55:36,666 ERROR i.s.i.Task2 [main] [59, -9, -169, -248, -149, 92, 32, -99, 13, -46128]
2019-12-14 23:56:25,663 DEBUG i.s.i.Task1 [main] 7
2019-12-14 23:56:25,672 INFO i.s.i.Task1 [main] 2.6666666666666665

2019-12-14 23:56:25,674 INFO i.s.i.Task2 [main] [-164, -256, 210, -226, 163, -157, 204, 36, 236, -154]
2019-12-14 23:56:25,675 ERROR i.s.i.Task2 [main] Max value is: 236
2019-12-14 23:56:25,675 ERROR i.s.i.Task2 [main] Min value is: -256
2019-12-14 23:56:25,676 ERROR i.s.i.Task2 [main] [-164, -256, 210, -226, 163, -157, 204, 36, -60416, -154]
